-------------------------------------------------------------------------------
Test set: nus.iss.Neko.NekoApplicationTests
-------------------------------------------------------------------------------
Tests run: 1, Failures: 0, Errors: 1, Skipped: 0, Time elapsed: 0.296 s <<< FAILURE! - in nus.iss.Neko.NekoApplicationTests
nus.iss.Neko.NekoApplicationTests  Time elapsed: 0.294 s  <<< ERROR!
java.lang.IllegalStateException: Unable to find a @SpringBootConfiguration, you need to use @ContextConfiguration or @SpringBootTest(classes=...) with your test

